<?xml version="1.0" encoding="UTF-8"?>
<testsuite name="AssignmentServiceTest" tests="33" skipped="0" failures="0" errors="0" timestamp="2021-05-20T06:17:02" hostname="ayush-predator" time="0.085">
  <properties/>
  <testcase name="processInputInvalid()" classname="AssignmentServiceTest" time="0.036"/>
  <testcase name="check price appear once" classname="AssignmentServiceTest" time="0.001"/>
  <testcase name="When price format is wrong" classname="AssignmentServiceTest" time="0.001"/>
  <testcase name="When input is Empty" classname="AssignmentServiceTest" time="0.001"/>
  <testcase name="rawTaxWhenTotalIs34()" classname="AssignmentServiceTest" time="0.001"/>
  <testcase name="check type appear once" classname="AssignmentServiceTest" time="0.001"/>
  <testcase name="importedTaxWhenTotalIs144()" classname="AssignmentServiceTest" time="0.001"/>
  <testcase name="importedTaxWhenTotalIs443()" classname="AssignmentServiceTest" time="0.001"/>
  <testcase name="When name format is wrong" classname="AssignmentServiceTest" time="0.001"/>
  <testcase name="When type format is wrong" classname="AssignmentServiceTest" time="0.002"/>
  <testcase name="isInputValid()" classname="AssignmentServiceTest" time="0.001"/>
  <testcase name="importedTaxWhenTotalIs90()" classname="AssignmentServiceTest" time="0.001"/>
  <testcase name="checkRawTaxInputIsValid()" classname="AssignmentServiceTest" time="0.002"/>
  <testcase name="When quantity format is wrong" classname="AssignmentServiceTest" time="0.001"/>
  <testcase name="check Empty name" classname="AssignmentServiceTest" time="0.002"/>
  <testcase name="check quantity when -ve" classname="AssignmentServiceTest" time="0.001"/>
  <testcase name="check when position is invalid" classname="AssignmentServiceTest" time="0.001"/>
  <testcase name="check Empty name" classname="AssignmentServiceTest" time="0.001"/>
  <testcase name="check Empty Type" classname="AssignmentServiceTest" time="0.001"/>
  <testcase name="checkExtractData()" classname="AssignmentServiceTest" time="0.001"/>
  <testcase name="check Empty quantity" classname="AssignmentServiceTest" time="0.001"/>
  <testcase name="checkCalculateCostTypeRaw()" classname="AssignmentServiceTest" time="0.0"/>
  <testcase name="checkImportedTaxInputIsValid()" classname="AssignmentServiceTest" time="0.001"/>
  <testcase name="checkCalculateCostTypeManufactured()" classname="AssignmentServiceTest" time="0.001"/>
  <testcase name="processInputValid()" classname="AssignmentServiceTest" time="0.001"/>
  <testcase name="check quantity appear once" classname="AssignmentServiceTest" time="0.001"/>
  <testcase name="check name comes first" classname="AssignmentServiceTest" time="0.0"/>
  <testcase name="check name appear once" classname="AssignmentServiceTest" time="0.001"/>
  <testcase name="check type value is among (raw/imported/manufactured" classname="AssignmentServiceTest" time="0.001"/>
  <testcase name="manufacturedTaxWhenTotalIs25()" classname="AssignmentServiceTest" time="0.0"/>
  <testcase name="checkCalculateCostTypeImported()" classname="AssignmentServiceTest" time="0.0"/>
  <testcase name="checkManufacturedTaxInputIsValid()" classname="AssignmentServiceTest" time="0.001"/>
  <testcase name="check price when -ve" classname="AssignmentServiceTest" time="0.001"/>
  <system-out><![CDATA[Invalid quantity
Invalid price
Invalid price
Invalid name
Invalid type
Invalid name
Invalid type
Invalid quantity
Invalid price
Invalid quantity
Invalid name
Invalid type
Invalid quantity
Invalid quantity
Invalid name postion
Invalid name
Invalid quantity
Invalid price
]]></system-out>
  <system-err><![CDATA[]]></system-err>
</testsuite>
